feedapp-master/app/build/intermediates/manifest_merge_blame_file/debug/manifest-merger-blame-debug-report.txt
1<?xml version="1.0" encoding="utf-8"?>
2<manifest xmlns:android="http://schemas.android.com/apk/res/android"
3    package="com.front_end.app"
4    android:versionCode="11"
5    android:versionName="1.0.10" >
6
7    <uses-sdk
8        android:minSdkVersion="21"
8-->src\main\AndroidManifest.xml
9        android:targetSdkVersion="29" />
9-->src\main\AndroidManifest.xml
10
11    <uses-permission android:name="android.permission.INTERNET" />
11-->src\main\AndroidManifest.xml:6:5-67
11-->src\main\AndroidManifest.xml:6:22-64
12    <uses-permission android:name="android.permission.ACCESS_NETWORK_STATE" />
12-->src\main\AndroidManifest.xml:7:5-79
12-->src\main\AndroidManifest.xml:7:22-76
13    <uses-permission android:name="android.permission.ACCESS_WIFI_STATE" />
13-->src\main\AndroidManifest.xml:8:5-76
13-->src\main\AndroidManifest.xml:8:22-73
14    <uses-permission android:name="android.permission.REORDER_TASKS" />
14-->[androidx.fragment:fragment-testing:1.1.0] AndroidManifest.xml:25:5-72
14-->[androidx.fragment:fragment-testing:1.1.0] AndroidManifest.xml:25:22-69
15    <uses-permission android:name="android.permission.WAKE_LOCK" />
15-->[androidx.work:work-runtime:2.3.1] AndroidManifest.xml:25:5-68
15-->[androidx.work:work-runtime:2.3.1] AndroidManifest.xml:25:22-65
16    <uses-permission android:name="android.permission.RECEIVE_BOOT_COMPLETED" />
16-->[androidx.work:work-runtime:2.3.1] AndroidManifest.xml:27:5-81
16-->[androidx.work:work-runtime:2.3.1] AndroidManifest.xml:27:22-78
17    <uses-permission android:name="android.permission.FOREGROUND_SERVICE" /> <!-- Required by older versions of Google Play services to create IID tokens -->
17-->[androidx.work:work-runtime:2.3.1] AndroidManifest.xml:28:5-77
17-->[androidx.work:work-runtime:2.3.1] AndroidManifest.xml:28:22-74
18    <uses-permission android:name="com.google.android.c2dm.permission.RECEIVE" />
18-->[com.google.firebase:firebase-iid:20.2.0] AndroidManifest.xml:26:5-82
18-->[com.google.firebase:firebase-iid:20.2.0] AndroidManifest.xml:26:22-79
19    <uses-permission android:name="com.google.android.finsky.permission.BIND_GET_INSTALL_REFERRER_SERVICE" />
19-->[com.google.android.gms:play-services-measurement:17.4.2] AndroidManifest.xml:26:5-110
19-->[com.google.android.gms:play-services-measurement:17.4.2] AndroidManifest.xml:26:22-107
20
21    <application
21-->src\main\AndroidManifest.xml:10:5-86:19
22        android:name="com.feedapp.app.AppDelegate"
22-->src\main\AndroidManifest.xml:11:9-36
23        android:allowBackup="false"
23-->src\main\AndroidManifest.xml:12:9-36
24        android:appComponentFactory="androidx.core.app.CoreComponentFactory"
24-->[androidx.core:core:1.2.0] AndroidManifest.xml:24:18-86
25        android:debuggable="true"
26        android:icon="@drawable/logo"
26-->src\main\AndroidManifest.xml:13:9-38
27        android:label="@string/app_name"
27-->src\main\AndroidManifest.xml:14:9-41
28        android:supportsRtl="true"
28-->src\main\AndroidManifest.xml:15:9-35
29        android:theme="@style/MainTheme" >
29-->src\main\AndroidManifest.xml:16:9-41
30        <activity
30-->src\main\AndroidManifest.xml:19:9-22:20
31            android:name="com.feedapp.app.ui.activities.AboutActivity"
31-->src\main\AndroidManifest.xml:19:19-62
32            android:exported="false" >
32-->src\main\AndroidManifest.xml:20:13-37
33        </activity>
34        <activity
34-->src\main\AndroidManifest.xml:23:9-26:48
35            android:name="com.facebook.FacebookActivity"
35-->src\main\AndroidManifest.xml:24:13-57
36            android:configChanges="keyboard|keyboardHidden|screenLayout|screenSize|orientation"
36-->src\main\AndroidManifest.xml:25:13-96
37            android:label="@string/app_name"
37-->src\main\AndroidManifest.xml:26:13-45
38            android:theme="@style/com_facebook_activity_theme" />
38-->[com.facebook.android:facebook-common:5.15.3] AndroidManifest.xml:33:13-63
39        <activity
39-->src\main\AndroidManifest.xml:27:9-38:20
40            android:name="com.facebook.CustomTabActivity"
40-->src\main\AndroidManifest.xml:28:13-58
41            android:exported="true" >
41-->src\main\AndroidManifest.xml:29:13-36
42            <intent-filter>
42-->src\main\AndroidManifest.xml:30:13-37:29
43                <action android:name="android.intent.action.VIEW" />
43-->src\main\AndroidManifest.xml:31:17-69
43-->src\main\AndroidManifest.xml:31:25-66
44
45                <category android:name="android.intent.category.DEFAULT" />
45-->src\main\AndroidManifest.xml:33:17-76
45-->src\main\AndroidManifest.xml:33:27-73
46                <category android:name="android.intent.category.BROWSABLE" />
46-->src\main\AndroidManifest.xml:34:17-78
46-->src\main\AndroidManifest.xml:34:27-75
47
48                <data android:scheme="@string/fb_login_protocol_scheme" />
48-->src\main\AndroidManifest.xml:36:17-75
48-->src\main\AndroidManifest.xml:36:23-72
49            </intent-filter>
50            <intent-filter>
50-->[com.firebaseui:firebase-ui-auth:6.2.0] AndroidManifest.xml:92:13-99:29
51                <action android:name="android.intent.action.VIEW" />
51-->src\main\AndroidManifest.xml:31:17-69
51-->src\main\AndroidManifest.xml:31:25-66
52
53                <category android:name="android.intent.category.DEFAULT" />
53-->src\main\AndroidManifest.xml:33:17-76
53-->src\main\AndroidManifest.xml:33:27-73
54                <category android:name="android.intent.category.BROWSABLE" />
54-->src\main\AndroidManifest.xml:34:17-78
54-->src\main\AndroidManifest.xml:34:27-75
55
56                <data android:scheme="@string/facebook_login_protocol_scheme" />
56-->src\main\AndroidManifest.xml:36:17-75
56-->src\main\AndroidManifest.xml:36:23-72
57            </intent-filter>
58            <intent-filter>
58-->[com.facebook.android:facebook-common:5.15.3] AndroidManifest.xml:39:13-48:29
59                <action android:name="android.intent.action.VIEW" />
59-->src\main\AndroidManifest.xml:31:17-69
59-->src\main\AndroidManifest.xml:31:25-66
60
61                <category android:name="android.intent.category.DEFAULT" />
61-->src\main\AndroidManifest.xml:33:17-76
61-->src\main\AndroidManifest.xml:33:27-73
62                <category android:name="android.intent.category.BROWSABLE" />
62-->src\main\AndroidManifest.xml:34:17-78
62-->src\main\AndroidManifest.xml:34:27-75
63
64                <data
64-->src\main\AndroidManifest.xml:36:17-75
65                    android:host="cct.com.front_end.app"
66                    android:scheme="fbconnect" />
66-->src\main\AndroidManifest.xml:36:23-72
67            </intent-filter>
68        </activity>
69        <activity
69-->src\main\AndroidManifest.xml:39:9-42:20
70            android:name="com.feedapp.app.ui.activities.StatisticsActivity"
70-->src\main\AndroidManifest.xml:40:13-61
71            android:exported="false" >
71-->src\main\AndroidManifest.xml:41:13-37
72        </activity>
73        <activity
73-->src\main\AndroidManifest.xml:43:9-46:20
74            android:name="com.feedapp.app.ui.activities.DetailedRecipeActivity"
74-->src\main\AndroidManifest.xml:44:13-65
75            android:exported="false" >
75-->src\main\AndroidManifest.xml:45:13-37
76        </activity>
77        <activity android:name="com.feedapp.app.ui.activities.MyMealsSearchActivity" />
77-->src\main\AndroidManifest.xml:47:9-73
77-->src\main\AndroidManifest.xml:47:19-70
78        <activity
78-->src\main\AndroidManifest.xml:48:9-51:51
79            android:name="com.feedapp.app.ui.activities.AddCustomProductActivity"
79-->src\main\AndroidManifest.xml:49:13-67
80            android:exported="false"
80-->src\main\AndroidManifest.xml:50:13-37
81            android:label="@string/add_product" />
81-->src\main\AndroidManifest.xml:51:13-48
82        <activity
82-->src\main\AndroidManifest.xml:52:9-56:48
83            android:name="com.feedapp.app.ui.activities.IntroductionActivity"
83-->src\main\AndroidManifest.xml:53:13-63
84            android:label="@string/title_activity_intro"
84-->src\main\AndroidManifest.xml:54:13-57
85            android:screenOrientation="sensorPortrait"
85-->src\main\AndroidManifest.xml:55:13-55
86            android:theme="@style/MainTheme" />
86-->src\main\AndroidManifest.xml:56:13-45
87        <activity
87-->src\main\AndroidManifest.xml:57:9-67:20
88            android:name="com.feedapp.app.ui.activities.HomeActivity"
88-->src\main\AndroidManifest.xml:58:13-55
89            android:label="@string/app_name"
89-->src\main\AndroidManifest.xml:59:13-45
90            android:theme="@style/MainTheme" >
90-->src\main\AndroidManifest.xml:60:13-45
91            <intent-filter>
91-->src\main\AndroidManifest.xml:61:13-66:29
92                <action android:name="android.intent.action.VIEW" />
92-->src\main\AndroidManifest.xml:31:17-69
92-->src\main\AndroidManifest.xml:31:25-66
93                <action android:name="android.intent.action.MAIN" />
93-->src\main\AndroidManifest.xml:63:17-69
93-->src\main\AndroidManifest.xml:63:25-66
94
95                <category android:name="android.intent.category.LAUNCHER" />
95-->src\main\AndroidManifest.xml:65:17-77
95-->src\main\AndroidManifest.xml:65:27-74
96            </intent-filter>
97        </activity>
98        <activity
98-->src\main\AndroidManifest.xml:68:9-72:48
99            android:name="com.feedapp.app.ui.activities.SearchActivity"
99-->src\main\AndroidManifest.xml:69:13-57
100            android:exported="false"
100-->src\main\AndroidManifest.xml:70:13-37
101            android:label="@string/search"
101-->src\main\AndroidManifest.xml:71:13-43
102            android:theme="@style/MainTheme" />
102-->src\main\AndroidManifest.xml:72:13-45
103        <activity
103-->src\main\AndroidManifest.xml:73:9-77:48
104            android:name="com.feedapp.app.ui.activities.DetailedFoodActivity"
104-->src\main\AndroidManifest.xml:74:13-63
105            android:exported="false"
105-->src\main\AndroidManifest.xml:75:13-37
106            android:label="@string/detailed"
106-->src\main\AndroidManifest.xml:76:13-45
107            android:theme="@style/MainTheme" />
107-->src\main\AndroidManifest.xml:77:13-45
108
109        <service
109-->src\main\AndroidManifest.xml:79:9-85:19
110            android:name="com.feedapp.app.ui.notifications.FBCloudNotification"
110-->src\main\AndroidManifest.xml:80:13-65
111            android:exported="false" >
111-->src\main\AndroidManifest.xml:81:13-37
112            <intent-filter>
112-->src\main\AndroidManifest.xml:82:13-84:29
113                <action android:name="com.google.firebase.MESSAGING_EVENT" />
113-->src\main\AndroidManifest.xml:83:17-78
113-->src\main\AndroidManifest.xml:83:25-75
114            </intent-filter>
115        </service>
116
117        <activity
117-->[androidx.fragment:fragment-testing:1.1.0] AndroidManifest.xml:28:9-37:20
118            android:name="androidx.fragment.app.testing.FragmentScenario$EmptyFragmentActivity"
118-->[androidx.fragment:fragment-testing:1.1.0] AndroidManifest.xml:29:13-96
119            android:exported="true"
119-->[androidx.fragment:fragment-testing:1.1.0] AndroidManifest.xml:30:13-36
120            android:multiprocess="true"
120-->[androidx.fragment:fragment-testing:1.1.0] AndroidManifest.xml:31:13-40
121            android:taskAffinity=""
121-->[androidx.fragment:fragment-testing:1.1.0] AndroidManifest.xml:32:13-36
122            android:theme="@style/FragmentScenarioEmptyFragmentActivityTheme" >
122-->[androidx.fragment:fragment-testing:1.1.0] AndroidManifest.xml:33:13-78
123            <intent-filter>
123-->[androidx.fragment:fragment-testing:1.1.0] AndroidManifest.xml:34:13-36:29
124                <action android:name="android.intent.action.MAIN" />
124-->src\main\AndroidManifest.xml:63:17-69
124-->src\main\AndroidManifest.xml:63:25-66
125            </intent-filter>
126        </activity>
127
128        <service
128-->[com.google.firebase:firebase-firestore-ktx:21.4.2] AndroidManifest.xml:12:9-18:19
129            android:name="com.google.firebase.components.ComponentDiscoveryService"
129-->[com.google.firebase:firebase-firestore-ktx:21.4.2] AndroidManifest.xml:13:13-84
130            android:directBootAware="true"
130-->[com.google.firebase:firebase-common:19.3.0] AndroidManifest.xml:34:13-43
131            android:exported="false" >
131-->[com.google.firebase:firebase-firestore-ktx:21.4.2] AndroidManifest.xml:14:13-37
132            <meta-data
132-->[com.google.firebase:firebase-firestore-ktx:21.4.2] AndroidManifest.xml:15:13-17:85
133                android:name="com.google.firebase.components:com.google.firebase.firestore.ktx.FirebaseFirestoreKtxRegistrar"
133-->[com.google.firebase:firebase-firestore-ktx:21.4.2] AndroidManifest.xml:16:17-126
134                android:value="com.google.firebase.components.ComponentRegistrar" />
134-->[com.google.firebase:firebase-firestore-ktx:21.4.2] AndroidManifest.xml:17:17-82
135            <meta-data
135-->[com.google.firebase:firebase-analytics-ktx:17.4.2] AndroidManifest.xml:11:13-13:85
136                android:name="com.google.firebase.components:com.google.firebase.analytics.ktx.FirebaseAnalyticsKtxRegistrar"
136-->[com.google.firebase:firebase-analytics-ktx:17.4.2] AndroidManifest.xml:12:17-126
137                android:value="com.google.firebase.components.ComponentRegistrar" />
137-->[com.google.firebase:firebase-analytics-ktx:17.4.2] AndroidManifest.xml:13:17-82
138            <meta-data
138-->[com.google.firebase:firebase-common-ktx:19.3.0] AndroidManifest.xml:15:13-17:85
139                android:name="com.google.firebase.components:com.google.firebase.ktx.FirebaseCommonKtxRegistrar"
139-->[com.google.firebase:firebase-common-ktx:19.3.0] AndroidManifest.xml:16:17-113
140                android:value="com.google.firebase.components.ComponentRegistrar" />
140-->[com.google.firebase:firebase-common-ktx:19.3.0] AndroidManifest.xml:17:17-82
141            <meta-data
141-->[com.google.firebase:firebase-firestore:21.4.2] AndroidManifest.xml:20:13-22:85
142                android:name="com.google.firebase.components:com.google.firebase.firestore.FirestoreRegistrar"
142-->[com.google.firebase:firebase-firestore:21.4.2] AndroidManifest.xml:21:17-111
143                android:value="com.google.firebase.components.ComponentRegistrar" />
143-->[com.google.firebase:firebase-firestore:21.4.2] AndroidManifest.xml:22:17-82
144            <meta-data
144-->[com.google.firebase:firebase-crashlytics:17.0.0] AndroidManifest.xml:16:13-18:85
145                android:name="com.google.firebase.components:com.google.firebase.crashlytics.CrashlyticsRegistrar"
145-->[com.google.firebase:firebase-crashlytics:17.0.0] AndroidManifest.xml:17:17-115
146                android:value="com.google.firebase.components.ComponentRegistrar" />
146-->[com.google.firebase:firebase-crashlytics:17.0.0] AndroidManifest.xml:18:17-82
147            <meta-data
147-->[com.google.firebase:firebase-auth:19.3.0] AndroidManifest.xml:36:13-38:85
148                android:name="com.google.firebase.components:com.google.firebase.auth.FirebaseAuthRegistrar"
148-->[com.google.firebase:firebase-auth:19.3.0] AndroidManifest.xml:37:17-109
149                android:value="com.google.firebase.components.ComponentRegistrar" />
149-->[com.google.firebase:firebase-auth:19.3.0] AndroidManifest.xml:38:17-82
150            <meta-data
150-->[com.google.firebase:firebase-messaging:20.2.0] AndroidManifest.xml:39:13-41:85
151                android:name="com.google.firebase.components:com.google.firebase.messaging.FirebaseMessagingRegistrar"
151-->[com.google.firebase:firebase-messaging:20.2.0] AndroidManifest.xml:40:17-119
152                android:value="com.google.firebase.components.ComponentRegistrar" />
152-->[com.google.firebase:firebase-messaging:20.2.0] AndroidManifest.xml:41:17-82
153            <meta-data
153-->[com.google.android.gms:play-services-measurement-api:17.4.2] AndroidManifest.xml:30:13-32:85
154                android:name="com.google.firebase.components:com.google.firebase.analytics.connector.internal.AnalyticsConnectorRegistrar"
154-->[com.google.android.gms:play-services-measurement-api:17.4.2] AndroidManifest.xml:31:17-139
155                android:value="com.google.firebase.components.ComponentRegistrar" />
155-->[com.google.android.gms:play-services-measurement-api:17.4.2] AndroidManifest.xml:32:17-82
156            <meta-data
156-->[com.google.firebase:firebase-iid:20.2.0] AndroidManifest.xml:32:13-34:85
157                android:name="com.google.firebase.components:com.google.firebase.iid.Registrar"
157-->[com.google.firebase:firebase-iid:20.2.0] AndroidManifest.xml:33:17-96
158                android:value="com.google.firebase.components.ComponentRegistrar" />
158-->[com.google.firebase:firebase-iid:20.2.0] AndroidManifest.xml:34:17-82
159            <meta-data
159-->[com.google.firebase:firebase-datatransport:17.0.3] AndroidManifest.xml:28:13-30:85
160                android:name="com.google.firebase.components:com.google.firebase.datatransport.TransportRegistrar"
160-->[com.google.firebase:firebase-datatransport:17.0.3] AndroidManifest.xml:29:17-115
161                android:value="com.google.firebase.components.ComponentRegistrar" />
161-->[com.google.firebase:firebase-datatransport:17.0.3] AndroidManifest.xml:30:17-82
162            <meta-data
162-->[com.google.firebase:firebase-installations:16.3.1] AndroidManifest.xml:17:13-19:85
163                android:name="com.google.firebase.components:com.google.firebase.installations.FirebaseInstallationsRegistrar"
163-->[com.google.firebase:firebase-installations:16.3.1] AndroidManifest.xml:18:17-127
164                android:value="com.google.firebase.components.ComponentRegistrar" />
164-->[com.google.firebase:firebase-installations:16.3.1] AndroidManifest.xml:19:17-82
165        </service>
166
167        <meta-data
167-->[com.firebaseui:firebase-ui-auth:6.2.0] AndroidManifest.xml:16:9-18:69
168            android:name="com.google.android.gms.version"
168-->[com.firebaseui:firebase-ui-auth:6.2.0] AndroidManifest.xml:17:13-58
169            android:value="@integer/google_play_services_version" />
169-->[com.firebaseui:firebase-ui-auth:6.2.0] AndroidManifest.xml:18:13-66
170        <meta-data
170-->[com.firebaseui:firebase-ui-auth:6.2.0] AndroidManifest.xml:19:9-21:63
171            android:name="com.facebook.sdk.ApplicationId"
171-->[com.firebaseui:firebase-ui-auth:6.2.0] AndroidManifest.xml:20:13-58
172            android:value="@string/facebook_application_id" />
172-->[com.firebaseui:firebase-ui-auth:6.2.0] AndroidManifest.xml:21:13-60
173
174        <activity
174-->[com.firebaseui:firebase-ui-auth:6.2.0] AndroidManifest.xml:23:9-27:61
175            android:name="com.firebase.ui.auth.KickoffActivity"
175-->[com.firebaseui:firebase-ui-auth:6.2.0] AndroidManifest.xml:24:13-64
176            android:exported="false"
176-->[com.firebaseui:firebase-ui-auth:6.2.0] AndroidManifest.xml:25:13-37
177            android:label=""
177-->[com.firebaseui:firebase-ui-auth:6.2.0] AndroidManifest.xml:26:13-29
178            android:theme="@style/FirebaseUI.Transparent" />
178-->[com.firebaseui:firebase-ui-auth:6.2.0] AndroidManifest.xml:27:13-58
179        <activity
179-->[com.firebaseui:firebase-ui-auth:6.2.0] AndroidManifest.xml:28:9-32:61
180            android:name="com.firebase.ui.auth.ui.idp.SingleSignInActivity"
180-->[com.firebaseui:firebase-ui-auth:6.2.0] AndroidManifest.xml:29:13-76
181            android:exported="false"
181-->[com.firebaseui:firebase-ui-auth:6.2.0] AndroidManifest.xml:30:13-37
182            android:label=""
182-->[com.firebaseui:firebase-ui-auth:6.2.0] AndroidManifest.xml:31:13-29
183            android:theme="@style/FirebaseUI.Transparent" />
183-->[com.firebaseui:firebase-ui-auth:6.2.0] AndroidManifest.xml:32:13-58
184        <activity
184-->[com.firebaseui:firebase-ui-auth:6.2.0] AndroidManifest.xml:33:9-37:61
185            android:name="com.firebase.ui.auth.ui.credentials.CredentialSaveActivity"
185-->[com.firebaseui:firebase-ui-auth:6.2.0] AndroidManifest.xml:34:13-86
186            android:exported="false"
186-->[com.firebaseui:firebase-ui-auth:6.2.0] AndroidManifest.xml:35:13-37
187            android:label=""
187-->[com.firebaseui:firebase-ui-auth:6.2.0] AndroidManifest.xml:36:13-29
188            android:theme="@style/FirebaseUI.Transparent" />
188-->[com.firebaseui:firebase-ui-auth:6.2.0] AndroidManifest.xml:37:13-58
189        <activity
189-->[com.firebaseui:firebase-ui-auth:6.2.0] AndroidManifest.xml:38:9-42:58
190            android:name="com.firebase.ui.auth.ui.email.RecoverPasswordActivity"
190-->[com.firebaseui:firebase-ui-auth:6.2.0] AndroidManifest.xml:39:13-81
191            android:exported="false"
191-->[com.firebaseui:firebase-ui-auth:6.2.0] AndroidManifest.xml:40:13-37
192            android:label="@string/fui_title_recover_password_activity"
192-->[com.firebaseui:firebase-ui-auth:6.2.0] AndroidManifest.xml:41:13-72
193            android:windowSoftInputMode="adjustResize" />
193-->[com.firebaseui:firebase-ui-auth:6.2.0] AndroidManifest.xml:42:13-55
194        <activity
194-->[com.firebaseui:firebase-ui-auth:6.2.0] AndroidManifest.xml:43:9-47:58
195            android:name="com.firebase.ui.auth.ui.email.EmailActivity"
195-->[com.firebaseui:firebase-ui-auth:6.2.0] AndroidManifest.xml:44:13-71
196            android:exported="false"
196-->[com.firebaseui:firebase-ui-auth:6.2.0] AndroidManifest.xml:45:13-37
197            android:label="@string/fui_sign_in_default"
197-->[com.firebaseui:firebase-ui-auth:6.2.0] AndroidManifest.xml:46:13-56
198            android:windowSoftInputMode="adjustResize" />
198-->[com.firebaseui:firebase-ui-auth:6.2.0] AndroidManifest.xml:47:13-55
199        <activity
199-->[com.firebaseui:firebase-ui-auth:6.2.0] AndroidManifest.xml:48:9-52:77
200            android:name="com.firebase.ui.auth.ui.phone.PhoneActivity"
200-->[com.firebaseui:firebase-ui-auth:6.2.0] AndroidManifest.xml:49:13-71
201            android:exported="false"
201-->[com.firebaseui:firebase-ui-auth:6.2.0] AndroidManifest.xml:50:13-37
202            android:label="@string/fui_sign_in_with_phone_number"
202-->[com.firebaseui:firebase-ui-auth:6.2.0] AndroidManifest.xml:51:13-66
203            android:windowSoftInputMode="adjustResize|stateAlwaysVisible" />
203-->[com.firebaseui:firebase-ui-auth:6.2.0] AndroidManifest.xml:52:13-74
204        <activity
204-->[com.firebaseui:firebase-ui-auth:6.2.0] AndroidManifest.xml:53:9-57:58
205            android:name="com.firebase.ui.auth.ui.idp.WelcomeBackIdpPrompt"
205-->[com.firebaseui:firebase-ui-auth:6.2.0] AndroidManifest.xml:54:13-76
206            android:exported="false"
206-->[com.firebaseui:firebase-ui-auth:6.2.0] AndroidManifest.xml:55:13-37
207            android:label="@string/fui_title_welcome_back_idp_prompt"
207-->[com.firebaseui:firebase-ui-auth:6.2.0] AndroidManifest.xml:56:13-70
208            android:windowSoftInputMode="adjustResize" />
208-->[com.firebaseui:firebase-ui-auth:6.2.0] AndroidManifest.xml:57:13-55
209        <activity
209-->[com.firebaseui:firebase-ui-auth:6.2.0] AndroidManifest.xml:58:9-62:58
210            android:name="com.firebase.ui.auth.ui.email.WelcomeBackPasswordPrompt"
210-->[com.firebaseui:firebase-ui-auth:6.2.0] AndroidManifest.xml:59:13-83
211            android:exported="false"
211-->[com.firebaseui:firebase-ui-auth:6.2.0] AndroidManifest.xml:60:13-37
212            android:label="@string/fui_title_welcome_back_password_prompt"
212-->[com.firebaseui:firebase-ui-auth:6.2.0] AndroidManifest.xml:61:13-75
213            android:windowSoftInputMode="adjustResize" />
213-->[com.firebaseui:firebase-ui-auth:6.2.0] AndroidManifest.xml:62:13-55
214        <activity
214-->[com.firebaseui:firebase-ui-auth:6.2.0] AndroidManifest.xml:63:9-67:58
215            android:name="com.firebase.ui.auth.ui.email.WelcomeBackEmailLinkPrompt"
215-->[com.firebaseui:firebase-ui-auth:6.2.0] AndroidManifest.xml:64:13-84
216            android:exported="false"
216-->[com.firebaseui:firebase-ui-auth:6.2.0] AndroidManifest.xml:65:13-37
217            android:label="@string/fui_title_welcome_back_password_prompt"
217-->[com.firebaseui:firebase-ui-auth:6.2.0] AndroidManifest.xml:66:13-75
218            android:windowSoftInputMode="adjustResize" />
218-->[com.firebaseui:firebase-ui-auth:6.2.0] AndroidManifest.xml:67:13-55
219        <activity
219-->[com.firebaseui:firebase-ui-auth:6.2.0] AndroidManifest.xml:68:9-73:58
220            android:name="com.firebase.ui.auth.ui.email.EmailLinkCatcherActivity"
220-->[com.firebaseui:firebase-ui-auth:6.2.0] AndroidManifest.xml:69:13-82
221            android:exported="false"
221-->[com.firebaseui:firebase-ui-auth:6.2.0] AndroidManifest.xml:70:13-37
222            android:label=""
222-->[com.firebaseui:firebase-ui-auth:6.2.0] AndroidManifest.xml:71:13-29
223            android:theme="@style/FirebaseUI.Transparent"
223-->[com.firebaseui:firebase-ui-auth:6.2.0] AndroidManifest.xml:72:13-58
224            android:windowSoftInputMode="adjustResize" />
224-->[com.firebaseui:firebase-ui-auth:6.2.0] AndroidManifest.xml:73:13-55
225        <activity
225-->[com.firebaseui:firebase-ui-auth:6.2.0] AndroidManifest.xml:74:9-78:58
226            android:name="com.firebase.ui.auth.ui.email.EmailLinkErrorRecoveryActivity"
226-->[com.firebaseui:firebase-ui-auth:6.2.0] AndroidManifest.xml:75:13-88
227            android:exported="false"
227-->[com.firebaseui:firebase-ui-auth:6.2.0] AndroidManifest.xml:76:13-37
228            android:label="@string/fui_sign_in_default"
228-->[com.firebaseui:firebase-ui-auth:6.2.0] AndroidManifest.xml:77:13-56
229            android:windowSoftInputMode="adjustResize" />
229-->[com.firebaseui:firebase-ui-auth:6.2.0] AndroidManifest.xml:78:13-55
230        <activity
230-->[com.firebaseui:firebase-ui-auth:6.2.0] AndroidManifest.xml:79:9-82:65
231            android:name="com.firebase.ui.auth.ui.idp.AuthMethodPickerActivity"
231-->[com.firebaseui:firebase-ui-auth:6.2.0] AndroidManifest.xml:80:13-80
232            android:exported="false"
232-->[com.firebaseui:firebase-ui-auth:6.2.0] AndroidManifest.xml:81:13-37
233            android:label="@string/fui_default_toolbar_title" />
233-->[com.firebaseui:firebase-ui-auth:6.2.0] AndroidManifest.xml:82:13-62
234
235        <provider
235-->[com.firebaseui:firebase-ui-auth:6.2.0] AndroidManifest.xml:102:9-106:38
236            android:name="com.firebase.ui.auth.data.client.AuthUiInitProvider"
236-->[com.firebaseui:firebase-ui-auth:6.2.0] AndroidManifest.xml:103:13-79
237            android:authorities="com.front_end.app.authuiinitprovider"
237-->[com.firebaseui:firebase-ui-auth:6.2.0] AndroidManifest.xml:104:13-70
238            android:exported="false"
238-->[com.firebaseui:firebase-ui-auth:6.2.0] AndroidManifest.xml:105:13-37
239            android:initOrder="90" />
239-->[com.firebaseui:firebase-ui-auth:6.2.0] AndroidManifest.xml:106:13-35
240
241        <activity android:name="com.facebook.CustomTabMainActivity" />
241-->[com.facebook.android:facebook-common:5.15.3] AndroidManifest.xml:34:9-71
241-->[com.facebook.android:facebook-common:5.15.3] AndroidManifest.xml:34:19-68
242
243        <meta-data
243-->[com.github.bumptech.glide:okhttp3-integration:4.5.0] AndroidManifest.xml:11:9-13:43
244            android:name="com.bumptech.glide.integration.okhttp3.OkHttpGlideModule"
244-->[com.github.bumptech.glide:okhttp3-integration:4.5.0] AndroidManifest.xml:12:13-84
245            android:value="GlideModule" />
245-->[com.github.bumptech.glide:okhttp3-integration:4.5.0] AndroidManifest.xml:13:13-40
246
247        <provider
247-->[androidx.work:work-runtime:2.3.1] AndroidManifest.xml:31:9-37:35
248            android:name="androidx.work.impl.WorkManagerInitializer"
248-->[androidx.work:work-runtime:2.3.1] AndroidManifest.xml:32:13-69
249            android:authorities="com.front_end.app.workmanager-init"
249-->[androidx.work:work-runtime:2.3.1] AndroidManifest.xml:33:13-68
250            android:directBootAware="false"
250-->[androidx.work:work-runtime:2.3.1] AndroidManifest.xml:34:13-44
251            android:exported="false"
251-->[androidx.work:work-runtime:2.3.1] AndroidManifest.xml:35:13-37
252            android:multiprocess="true" />
252-->[androidx.work:work-runtime:2.3.1] AndroidManifest.xml:36:13-40
253
254        <service
254-->[androidx.work:work-runtime:2.3.1] AndroidManifest.xml:39:9-44:35
255            android:name="androidx.work.impl.background.systemalarm.SystemAlarmService"
255-->[androidx.work:work-runtime:2.3.1] AndroidManifest.xml:40:13-88
256            android:directBootAware="false"
256-->[androidx.work:work-runtime:2.3.1] AndroidManifest.xml:41:13-44
257            android:enabled="@bool/enable_system_alarm_service_default"
257-->[androidx.work:work-runtime:2.3.1] AndroidManifest.xml:42:13-72
258            android:exported="false" />
258-->[androidx.work:work-runtime:2.3.1] AndroidManifest.xml:43:13-37
259        <service
259-->[androidx.work:work-runtime:2.3.1] AndroidManifest.xml:45:9-51:35
260            android:name="androidx.work.impl.background.systemjob.SystemJobService"
260-->[androidx.work:work-runtime:2.3.1] AndroidManifest.xml:46:13-84
261            android:directBootAware="false"
261-->[androidx.work:work-runtime:2.3.1] AndroidManifest.xml:47:13-44
262            android:enabled="@bool/enable_system_job_service_default"
262-->[androidx.work:work-runtime:2.3.1] AndroidManifest.xml:48:13-70
263            android:exported="true"
263-->[androidx.work:work-runtime:2.3.1] AndroidManifest.xml:49:13-36
264            android:permission="android.permission.BIND_JOB_SERVICE" />
264-->[androidx.work:work-runtime:2.3.1] AndroidManifest.xml:50:13-69
265        <service
265-->[androidx.work:work-runtime:2.3.1] AndroidManifest.xml:52:9-57:35
266            android:name="androidx.work.impl.foreground.SystemForegroundService"
266-->[androidx.work:work-runtime:2.3.1] AndroidManifest.xml:53:13-81
267            android:directBootAware="false"